<?xml version="1.0" encoding="UTF-8"?>
<testsuites name="TestSuite3" time="31" tests="3" failures="0" errors="0">
   <testsuite name="TestSuite3" tests="3" failures="0" errors="0" time="31" timestamp="2018-09-20 12:12:42" hostname="ib - WINIB-IU08CT0I0" id="Test Suites/TestSuite3">
      <properties>
         <property name="deviceName" value=""/>
         <property name="devicePlatform" value=""/>
         <property name="logFolder" value="C:\\Users\\ib\\git\\katalonProjectTest\\Reports\\TestSuite3\\20180920_121236"/>
         <property name="logFiles" value="C:\\Users\\ib\\git\\katalonProjectTest\\Reports\\TestSuite3\\20180920_121236\\execution0.log"/>
         <property name="attachments" value=""/>
         <property name="hostName" value="ib - WINIB-IU08CT0I0"/>
         <property name="os" value="Windows 10 64bit"/>
         <property name="katalonVersion" value="5.7.1.1"/>
         <property name="browser" value="Firefox 61.0"/>
         <property name="hostAddress" value="192.168.56.1"/>
         <property name="sessionId" value="f8eb47be-bd87-4a37-aa53-9d05fc25fa72"/>
         <property name="seleniumVersion" value="3.7.1"/>
         <property name="proxyInformation" value="ProxyInformation{proxyOption=NO_PROXY, proxyServerType=HTTP, password=, proxyServerAddress=, proxyServerPort=0}"/>
         <property name="platform" value="Windows 10"/>
      </properties>
      <testcase name="Test Cases/TestCase3" classname="Test Cases/TestCase3" status="PASSED">
         <system-out><![CDATA[2018-09-20 12:12:42 - [TEST_CASE][PASSED] - Test Cases/TestCase3: Test Cases/TestCase3

2018-09-20 12:12:42 - [TEST_STEP][PASSED] - openBrowser: Browser is opened with url: ''

2018-09-20 12:12:47 - [MESSAGE][PASSED] - Browser is opened with url: ''

2018-09-20 12:12:47 - [TEST_STEP][PASSED] - navigateToUrl: Navigate to 'https://katalon-demo-cura.herokuapp.com/' successfully

2018-09-20 12:12:49 - [MESSAGE][PASSED] - Navigate to 'https://katalon-demo-cura.herokuapp.com/' successfully

2018-09-20 12:12:49 - [TEST_STEP][PASSED] - click: Object: 'Object Repository/Page_CURA Healthcare Service/a_Make Appointment' is clicked on

2018-09-20 12:12:49 - [MESSAGE][PASSED] - Object: 'Object Repository/Page_CURA Healthcare Service/a_Make Appointment' is clicked on

2018-09-20 12:12:49 - [TEST_STEP][PASSED] - setText: Text 'John Doe' is set on object 'Object Repository/Page_CURA Healthcare Service/input_Username_username'

2018-09-20 12:12:50 - [MESSAGE][PASSED] - Text 'John Doe' is set on object 'Object Repository/Page_CURA Healthcare Service/input_Username_username'

2018-09-20 12:12:50 - [TEST_STEP][PASSED] - setEncryptedText: Text ****** has been set on object 'Object Repository/Page_CURA Healthcare Service/input_Password_password'

2018-09-20 12:12:50 - [MESSAGE][PASSED] - Text ****** has been set on object 'Object Repository/Page_CURA Healthcare Service/input_Password_password'

2018-09-20 12:12:50 - [TEST_STEP][PASSED] - click: Object: 'Object Repository/Page_CURA Healthcare Service/button_Login' is clicked on

2018-09-20 12:12:50 - [MESSAGE][PASSED] - Object: 'Object Repository/Page_CURA Healthcare Service/button_Login' is clicked on

2018-09-20 12:12:50 - [TEST_STEP][PASSED] - Statement - If (midiCare): Object: 'Object Repository/Page_CURA Healthcare Service/label_Medicare' is clicked on

2018-09-20 12:12:50 - [TEST_STEP][PASSED] - click: Object: 'Object Repository/Page_CURA Healthcare Service/label_Medicare' is clicked on

2018-09-20 12:12:50 - [MESSAGE][PASSED] - Object: 'Object Repository/Page_CURA Healthcare Service/label_Medicare' is clicked on

2018-09-20 12:12:50 - [TEST_STEP][PASSED] - setText: Text 'Control' is set on object 'Object Repository/Page_CURA Healthcare Service/textarea_Comment_comment'

2018-09-20 12:12:50 - [MESSAGE][PASSED] - Text 'Control' is set on object 'Object Repository/Page_CURA Healthcare Service/textarea_Comment_comment'

2018-09-20 12:12:50 - [TEST_STEP][PASSED] - click: Object: 'Object Repository/Page_CURA Healthcare Service/button_Book Appointment' is clicked on

2018-09-20 12:12:51 - [MESSAGE][PASSED] - Object: 'Object Repository/Page_CURA Healthcare Service/button_Book Appointment' is clicked on

2018-09-20 12:12:51 - [TEST_STEP][PASSED] - closeBrowser: Browser is closed

2018-09-20 12:12:51 - [MESSAGE][PASSED] - Browser is closed]]></system-out>
         <system-err><![CDATA[]]></system-err>
      </testcase>
      <testcase name="Test Cases/TestCase3" classname="Test Cases/TestCase3" status="PASSED">
         <system-out><![CDATA[2018-09-20 12:12:53 - [TEST_CASE][PASSED] - Test Cases/TestCase3: Test Cases/TestCase3

2018-09-20 12:12:53 - [TEST_STEP][PASSED] - openBrowser: Browser is opened with url: ''

2018-09-20 12:12:57 - [MESSAGE][PASSED] - Browser is opened with url: ''

2018-09-20 12:12:57 - [TEST_STEP][PASSED] - navigateToUrl: Navigate to 'https://katalon-demo-cura.herokuapp.com/' successfully

2018-09-20 12:12:59 - [MESSAGE][PASSED] - Navigate to 'https://katalon-demo-cura.herokuapp.com/' successfully

2018-09-20 12:12:59 - [TEST_STEP][PASSED] - click: Object: 'Object Repository/Page_CURA Healthcare Service/a_Make Appointment' is clicked on

2018-09-20 12:12:59 - [MESSAGE][PASSED] - Object: 'Object Repository/Page_CURA Healthcare Service/a_Make Appointment' is clicked on

2018-09-20 12:12:59 - [TEST_STEP][PASSED] - setText: Text 'John Doe' is set on object 'Object Repository/Page_CURA Healthcare Service/input_Username_username'

2018-09-20 12:12:59 - [MESSAGE][PASSED] - Text 'John Doe' is set on object 'Object Repository/Page_CURA Healthcare Service/input_Username_username'

2018-09-20 12:12:59 - [TEST_STEP][PASSED] - setEncryptedText: Text ****** has been set on object 'Object Repository/Page_CURA Healthcare Service/input_Password_password'

2018-09-20 12:12:59 - [MESSAGE][PASSED] - Text ****** has been set on object 'Object Repository/Page_CURA Healthcare Service/input_Password_password'

2018-09-20 12:12:59 - [TEST_STEP][PASSED] - click: Object: 'Object Repository/Page_CURA Healthcare Service/button_Login' is clicked on

2018-09-20 12:13:00 - [MESSAGE][PASSED] - Object: 'Object Repository/Page_CURA Healthcare Service/button_Login' is clicked on

2018-09-20 12:13:00 - [TEST_STEP][PASSED] - Statement - If (midiCare): Object: 'Object Repository/Page_CURA Healthcare Service/label_Medicare' is clicked on

2018-09-20 12:13:00 - [TEST_STEP][PASSED] - click: Object: 'Object Repository/Page_CURA Healthcare Service/label_Medicare' is clicked on

2018-09-20 12:13:00 - [MESSAGE][PASSED] - Object: 'Object Repository/Page_CURA Healthcare Service/label_Medicare' is clicked on

2018-09-20 12:13:00 - [TEST_STEP][PASSED] - setText: Text 'Control' is set on object 'Object Repository/Page_CURA Healthcare Service/textarea_Comment_comment'

2018-09-20 12:13:00 - [MESSAGE][PASSED] - Text 'Control' is set on object 'Object Repository/Page_CURA Healthcare Service/textarea_Comment_comment'

2018-09-20 12:13:00 - [TEST_STEP][PASSED] - click: Object: 'Object Repository/Page_CURA Healthcare Service/button_Book Appointment' is clicked on

2018-09-20 12:13:01 - [MESSAGE][PASSED] - Object: 'Object Repository/Page_CURA Healthcare Service/button_Book Appointment' is clicked on

2018-09-20 12:13:01 - [TEST_STEP][PASSED] - closeBrowser: Browser is closed

2018-09-20 12:13:01 - [MESSAGE][PASSED] - Browser is closed]]></system-out>
         <system-err><![CDATA[]]></system-err>
      </testcase>
      <testcase name="Test Cases/TestCase3" classname="Test Cases/TestCase3" status="PASSED">
         <system-out><![CDATA[2018-09-20 12:13:03 - [TEST_CASE][PASSED] - Test Cases/TestCase3: Test Cases/TestCase3

2018-09-20 12:13:03 - [TEST_STEP][PASSED] - openBrowser: Browser is opened with url: ''

2018-09-20 12:13:07 - [MESSAGE][PASSED] - Browser is opened with url: ''

2018-09-20 12:13:07 - [TEST_STEP][PASSED] - navigateToUrl: Navigate to 'https://katalon-demo-cura.herokuapp.com/' successfully

2018-09-20 12:13:10 - [MESSAGE][PASSED] - Navigate to 'https://katalon-demo-cura.herokuapp.com/' successfully

2018-09-20 12:13:10 - [TEST_STEP][PASSED] - click: Object: 'Object Repository/Page_CURA Healthcare Service/a_Make Appointment' is clicked on

2018-09-20 12:13:10 - [MESSAGE][PASSED] - Object: 'Object Repository/Page_CURA Healthcare Service/a_Make Appointment' is clicked on

2018-09-20 12:13:10 - [TEST_STEP][PASSED] - setText: Text 'John Doe' is set on object 'Object Repository/Page_CURA Healthcare Service/input_Username_username'

2018-09-20 12:13:10 - [MESSAGE][PASSED] - Text 'John Doe' is set on object 'Object Repository/Page_CURA Healthcare Service/input_Username_username'

2018-09-20 12:13:10 - [TEST_STEP][PASSED] - setEncryptedText: Text ****** has been set on object 'Object Repository/Page_CURA Healthcare Service/input_Password_password'

2018-09-20 12:13:10 - [MESSAGE][PASSED] - Text ****** has been set on object 'Object Repository/Page_CURA Healthcare Service/input_Password_password'

2018-09-20 12:13:10 - [TEST_STEP][PASSED] - click: Object: 'Object Repository/Page_CURA Healthcare Service/button_Login' is clicked on

2018-09-20 12:13:11 - [MESSAGE][PASSED] - Object: 'Object Repository/Page_CURA Healthcare Service/button_Login' is clicked on

2018-09-20 12:13:11 - [TEST_STEP][PASSED] - Statement - If (midiCare): null

2018-09-20 12:13:11 - [TEST_STEP][PASSED] - Statement - Else If (midiCaid): null

2018-09-20 12:13:11 - [TEST_STEP][PASSED] - Statement - Else: Object: 'Object Repository/Page_CURA Healthcare Service/label_None' is clicked on

2018-09-20 12:13:11 - [TEST_STEP][PASSED] - click: Object: 'Object Repository/Page_CURA Healthcare Service/label_None' is clicked on

2018-09-20 12:13:11 - [MESSAGE][PASSED] - Object: 'Object Repository/Page_CURA Healthcare Service/label_None' is clicked on

2018-09-20 12:13:11 - [TEST_STEP][PASSED] - setText: Text 'Control' is set on object 'Object Repository/Page_CURA Healthcare Service/textarea_Comment_comment'

2018-09-20 12:13:11 - [MESSAGE][PASSED] - Text 'Control' is set on object 'Object Repository/Page_CURA Healthcare Service/textarea_Comment_comment'

2018-09-20 12:13:11 - [TEST_STEP][PASSED] - click: Object: 'Object Repository/Page_CURA Healthcare Service/button_Book Appointment' is clicked on

2018-09-20 12:13:11 - [MESSAGE][PASSED] - Object: 'Object Repository/Page_CURA Healthcare Service/button_Book Appointment' is clicked on

2018-09-20 12:13:11 - [TEST_STEP][PASSED] - closeBrowser: Browser is closed

2018-09-20 12:13:12 - [MESSAGE][PASSED] - Browser is closed]]></system-out>
         <system-err><![CDATA[]]></system-err>
      </testcase>
      <system-out><![CDATA[2018-09-20 12:12:42 - [TEST_SUITE][PASSED] - TestSuite3: Test Cases/TestCase3]]></system-out>
      <system-err><![CDATA[]]></system-err>
   </testsuite>
</testsuites>
